<?xml version="1.0" encoding="UTF-8"?>
<testsuite xmlns:xsi="http://www.w3.org/2001/XMLSchema-instance" xsi:noNamespaceSchemaLocation="https://maven.apache.org/surefire/maven-surefire-plugin/xsd/surefire-test-report-3.0.xsd" version="3.0" name="com.flightapp.service.impl.FlightServiceImplTest" time="0.507" tests="7" errors="0" skipped="0" failures="0">
  <properties>
[...]
</properties>
  <testcase name="getTicketByPnr_successAndNotFound" classname="com.flightapp.service.impl.FlightServiceImplTest" time="0.449"/>
  <testcase name="bookTicket_successfulBookingReturnsResponse" classname="com.flightapp.service.impl.FlightServiceImplTest" time="0.022"/>
  <testcase name="searchFlights_returnsFluxFromRepository" classname="com.flightapp.service.impl.FlightServiceImplTest" time="0.006"/>
  <testcase name="getBookingHistory_returnsAllBookingsForEmail" classname="com.flightapp.service.impl.FlightServiceImplTest" time="0.004"/>
  <testcase name="cancelTicket_changesStatusAndReturnsUpdatedBooking" classname="com.flightapp.service.impl.FlightServiceImplTest" time="0.006"/>
  <testcase name="bookTicket_whenFlightNotFound_emitsError" classname="com.flightapp.service.impl.FlightServiceImplTest" time="0.005"/>
  <testcase name="addInventory_savesAndReturnsFlight" classname="com.flightapp.service.impl.FlightServiceImplTest" time="0.011"/>
</testsuite>