<?xml version="1.0" encoding="UTF-8"?>
<testsuite xmlns:xsi="http://www.w3.org/2001/XMLSchema-instance" xsi:noNamespaceSchemaLocation="https://maven.apache.org/surefire/maven-surefire-plugin/xsd/surefire-test-report-3.0.xsd" version="3.0" name="com.flightapp.flight.controller.FlightControllerTest" time="49.459" tests="8" errors="0" skipped="0" failures="0">
  <properties>
[...]
</properties>
  <testcase name="testUpdateSeats_InsufficientSeats" classname="com.flightapp.flight.controller.FlightControllerTest" time="2.399">
    <system-out><![CDATA[02:44:35.901 [main] INFO org.springframework.test.context.support.AnnotationConfigContextLoaderUtils -- Could not detect default configuration classes for test class [com.flightapp.flight.controller.FlightControllerTest]: FlightControllerTest does not declare any static, non-private, non-final, nested classes annotated with @Configuration.
02:44:37.241 [main] INFO org.springframework.boot.test.context.SpringBootTestContextBootstrapper -- Found @SpringBootConfiguration com.flightapp.flight.FlightServiceApplication for test class com.flightapp.flight.controller.FlightControllerTest

  .   ____          _            __ _ _
 /\\ / ___'_ __ _ _(_)_ __  __ _ \ \ \ \
( ( )\___ | '_ | '_| | '_ \/ _` | \ \ \ \
 \\/  ___)| |_)| | | | | || (_| |  ) ) ) )
  '  |____| .__|_| |_|_| |_\__, | / / / /
 =========|_|==============|___/=/_/_/_/

 :: Spring Boot ::                (v3.3.5)

2025-12-02T02:44:43.880+05:30  INFO 84088 --- [flight-service] [           main] c.f.f.controller.FlightControllerTest    : Starting FlightControllerTest using Java 18.0.2 with PID 84088 (started by KIIT in C:\Users\KIIT\Downloads\flight-microservices 2\flight-microservices\flight-service)
2025-12-02T02:44:43.884+05:30  INFO 84088 --- [flight-service] [           main] c.f.f.controller.FlightControllerTest    : No active profile set, falling back to 1 default profile: "default"
2025-12-02T02:45:18.929+05:30  INFO 84088 --- [flight-service] [           main] c.f.f.controller.FlightControllerTest    : Started FlightControllerTest in 40.959 seconds (process running for 50.114)
]]></system-out>
  </testcase>
  <testcase name="testUpdateSeats_FlightNotFound" classname="com.flightapp.flight.controller.FlightControllerTest" time="0.051"/>
  <testcase name="testAddInventory_Success" classname="com.flightapp.flight.controller.FlightControllerTest" time="1.021"/>
  <testcase name="testUpdateSeats_Success" classname="com.flightapp.flight.controller.FlightControllerTest" time="0.035"/>
  <testcase name="testGetFlightById_NotFound" classname="com.flightapp.flight.controller.FlightControllerTest" time="0.041"/>
  <testcase name="testGetFlightById_Success" classname="com.flightapp.flight.controller.FlightControllerTest" time="0.051"/>
  <testcase name="testSearchFlights_Success" classname="com.flightapp.flight.controller.FlightControllerTest" time="0.623"/>
  <testcase name="testSearchFlights_NoResults" classname="com.flightapp.flight.controller.FlightControllerTest" time="0.022"/>
</testsuite>